<?xml version="1.0" encoding="UTF-8"?>
<robot generator="Robot 6.1.1 (Python 3.12.6 on linux)" generated="20241118 19:42:15.107" rpa="false" schemaversion="4">
<suite id="s1" name="Tests" source="/home/tatu/_repos/palautusrepositorio/viikko3/web-login/src/tests">
<suite id="s1-s1" name="Register" source="/home/tatu/_repos/palautusrepositorio/viikko3/web-login/src/tests/register.robot">
<kw name="Open And Configure Browser" library="resource" type="SETUP">
<if>
<branch type="IF" condition="$BROWSER == 'chrome'">
<kw name="Evaluate" library="BuiltIn">
<var>${options}</var>
<arg>sys.modules['selenium.webdriver'].ChromeOptions()</arg>
<arg>sys</arg>
<doc>Evaluates the given expression in Python and returns the result.</doc>
<status status="NOT RUN" starttime="20241118 19:42:15.303" endtime="20241118 19:42:15.303"/>
</kw>
<status status="NOT RUN" starttime="20241118 19:42:15.303" endtime="20241118 19:42:15.303"/>
</branch>
<branch type="ELSE IF" condition="$BROWSER == 'firefox'">
<kw name="Evaluate" library="BuiltIn">
<var>${options}</var>
<arg>sys.modules['selenium.webdriver'].FirefoxOptions()</arg>
<arg>sys</arg>
<doc>Evaluates the given expression in Python and returns the result.</doc>
<msg timestamp="20241118 19:42:15.304" level="INFO">${options} = &lt;selenium.webdriver.firefox.options.Options object at 0x780736069be0&gt;</msg>
<status status="PASS" starttime="20241118 19:42:15.303" endtime="20241118 19:42:15.304"/>
</kw>
<status status="PASS" starttime="20241118 19:42:15.303" endtime="20241118 19:42:15.304"/>
</branch>
<status status="PASS" starttime="20241118 19:42:15.303" endtime="20241118 19:42:15.304"/>
</if>
<if>
<branch type="IF" condition="$HEADLESS == 'true'">
<kw name="Set Selenium Speed" library="SeleniumLibrary">
<arg>0</arg>
<doc>Sets the delay that is waited after each Selenium command.</doc>
<status status="NOT RUN" starttime="20241118 19:42:15.305" endtime="20241118 19:42:15.305"/>
</kw>
<kw name="Call Method" library="BuiltIn">
<arg>${options}</arg>
<arg>add_argument</arg>
<arg>--headless</arg>
<doc>Calls the named method of the given object with the provided arguments.</doc>
<status status="NOT RUN" starttime="20241118 19:42:15.305" endtime="20241118 19:42:15.305"/>
</kw>
<status status="NOT RUN" starttime="20241118 19:42:15.304" endtime="20241118 19:42:15.305"/>
</branch>
<branch type="ELSE">
<kw name="Set Selenium Speed" library="SeleniumLibrary">
<arg>${DELAY}</arg>
<doc>Sets the delay that is waited after each Selenium command.</doc>
<status status="PASS" starttime="20241118 19:42:15.305" endtime="20241118 19:42:15.306"/>
</kw>
<status status="PASS" starttime="20241118 19:42:15.305" endtime="20241118 19:42:15.306"/>
</branch>
<status status="PASS" starttime="20241118 19:42:15.304" endtime="20241118 19:42:15.306"/>
</if>
<kw name="Open Browser" library="SeleniumLibrary">
<arg>browser=${BROWSER}</arg>
<arg>options=${options}</arg>
<doc>Opens a new browser instance to the optional ``url``.</doc>
<msg timestamp="20241118 19:42:15.306" level="INFO">Opening browser 'firefox' to base url 'None'.</msg>
<status status="PASS" starttime="20241118 19:42:15.306" endtime="20241118 19:42:18.094"/>
</kw>
<status status="PASS" starttime="20241118 19:42:15.303" endtime="20241118 19:42:18.094"/>
</kw>
<test id="s1-s1-t1" name="Login After Successful Registration" line="58">
<kw name="Reset Application And Go To Register Page" type="SETUP">
<kw name="Reset Application" library="AppLibrary">
<status status="PASS" starttime="20241118 19:42:18.096" endtime="20241118 19:42:18.102"/>
</kw>
<kw name="Go To Register Page" library="resource">
<kw name="Go To" library="SeleniumLibrary">
<arg>${REGISTER_URL}</arg>
<doc>Navigates the current browser window to the provided ``url``.</doc>
<msg timestamp="20241118 19:42:18.104" level="INFO">Opening url 'http://localhost:5001/register'</msg>
<status status="PASS" starttime="20241118 19:42:18.103" endtime="20241118 19:42:18.310"/>
</kw>
<status status="PASS" starttime="20241118 19:42:18.103" endtime="20241118 19:42:18.311"/>
</kw>
<status status="PASS" starttime="20241118 19:42:18.095" endtime="20241118 19:42:18.311"/>
</kw>
<kw name="Set Username">
<arg>kalle</arg>
<kw name="Input Text" library="SeleniumLibrary">
<arg>username</arg>
<arg>${username}</arg>
<doc>Types the given ``text`` into the text field identified by ``locator``.</doc>
<msg timestamp="20241118 19:42:18.313" level="INFO">Typing text 'kalle' into text field 'username'.</msg>
<status status="PASS" starttime="20241118 19:42:18.312" endtime="20241118 19:42:18.719"/>
</kw>
<status status="PASS" starttime="20241118 19:42:18.311" endtime="20241118 19:42:18.719"/>
</kw>
<kw name="Set Password">
<arg>kalle123</arg>
<kw name="Input Password" library="SeleniumLibrary">
<arg>password</arg>
<arg>${password}</arg>
<doc>Types the given password into the text field identified by ``locator``.</doc>
<msg timestamp="20241118 19:42:18.722" level="INFO">Typing password into text field 'password'.</msg>
<msg timestamp="20241118 19:42:18.934" level="INFO">Temporally setting log level to: NONE</msg>
<msg timestamp="20241118 19:42:19.047" level="INFO">Log level changed from NONE to INFO.</msg>
<status status="PASS" starttime="20241118 19:42:18.720" endtime="20241118 19:42:19.047"/>
</kw>
<status status="PASS" starttime="20241118 19:42:18.720" endtime="20241118 19:42:19.047"/>
</kw>
<kw name="Set Password Confirmation">
<arg>kalle123</arg>
<kw name="Input Password" library="SeleniumLibrary">
<arg>password_confirmation</arg>
<arg>${password}</arg>
<doc>Types the given password into the text field identified by ``locator``.</doc>
<msg timestamp="20241118 19:42:19.050" level="INFO">Typing password into text field 'password_confirmation'.</msg>
<msg timestamp="20241118 19:42:19.260" level="INFO">Temporally setting log level to: NONE</msg>
<msg timestamp="20241118 19:42:19.374" level="INFO">Log level changed from NONE to INFO.</msg>
<status status="PASS" starttime="20241118 19:42:19.048" endtime="20241118 19:42:19.374"/>
</kw>
<status status="PASS" starttime="20241118 19:42:19.048" endtime="20241118 19:42:19.374"/>
</kw>
<kw name="Submit Information">
<kw name="Click Button" library="SeleniumLibrary">
<arg>Register</arg>
<doc>Clicks the button identified by ``locator``.</doc>
<msg timestamp="20241118 19:42:19.376" level="INFO">Clicking button 'Register'.</msg>
<status status="PASS" starttime="20241118 19:42:19.375" endtime="20241118 19:42:19.908"/>
</kw>
<status status="PASS" starttime="20241118 19:42:19.374" endtime="20241118 19:42:19.908"/>
</kw>
<kw name="Register Should Succeed">
<kw name="Welcome Page Should Be Open" library="resource">
<kw name="Title Should Be" library="SeleniumLibrary">
<arg>Welcome to Ohtu Application!</arg>
<doc>Verifies that the current page title equals ``title``.</doc>
<msg timestamp="20241118 19:42:20.013" level="INFO">Page title is 'Welcome to Ohtu Application!'.</msg>
<status status="PASS" starttime="20241118 19:42:19.909" endtime="20241118 19:42:20.013"/>
</kw>
<status status="PASS" starttime="20241118 19:42:19.909" endtime="20241118 19:42:20.013"/>
</kw>
<status status="PASS" starttime="20241118 19:42:19.908" endtime="20241118 19:42:20.014"/>
</kw>
<kw name="Log Out" library="AppLibrary">
<status status="PASS" starttime="20241118 19:42:20.014" endtime="20241118 19:42:20.033"/>
</kw>
<kw name="Go To Login Page" library="resource">
<kw name="Go To" library="SeleniumLibrary">
<arg>${LOGIN_URL}</arg>
<doc>Navigates the current browser window to the provided ``url``.</doc>
<msg timestamp="20241118 19:42:20.034" level="INFO">Opening url 'http://localhost:5001/login'</msg>
<status status="PASS" starttime="20241118 19:42:20.034" endtime="20241118 19:42:20.189"/>
</kw>
<status status="PASS" starttime="20241118 19:42:20.033" endtime="20241118 19:42:20.189"/>
</kw>
<kw name="Set Username">
<arg>kalle</arg>
<kw name="Input Text" library="SeleniumLibrary">
<arg>username</arg>
<arg>${username}</arg>
<doc>Types the given ``text`` into the text field identified by ``locator``.</doc>
<msg timestamp="20241118 19:42:20.192" level="INFO">Typing text 'kalle' into text field 'username'.</msg>
<status status="PASS" starttime="20241118 19:42:20.191" endtime="20241118 19:42:20.522"/>
</kw>
<status status="PASS" starttime="20241118 19:42:20.190" endtime="20241118 19:42:20.522"/>
</kw>
<kw name="Set Password">
<arg>kalle123</arg>
<kw name="Input Password" library="SeleniumLibrary">
<arg>password</arg>
<arg>${password}</arg>
<doc>Types the given password into the text field identified by ``locator``.</doc>
<msg timestamp="20241118 19:42:20.524" level="INFO">Typing password into text field 'password'.</msg>
<msg timestamp="20241118 19:42:20.734" level="INFO">Temporally setting log level to: NONE</msg>
<msg timestamp="20241118 19:42:20.852" level="INFO">Log level changed from NONE to INFO.</msg>
<status status="PASS" starttime="20241118 19:42:20.523" endtime="20241118 19:42:20.852"/>
</kw>
<status status="PASS" starttime="20241118 19:42:20.522" endtime="20241118 19:42:20.852"/>
</kw>
<kw name="Submit Credentials">
<kw name="Click Button" library="SeleniumLibrary">
<arg>Login</arg>
<doc>Clicks the button identified by ``locator``.</doc>
<msg timestamp="20241118 19:42:20.854" level="INFO">Clicking button 'Login'.</msg>
<status status="PASS" starttime="20241118 19:42:20.853" endtime="20241118 19:42:21.338"/>
</kw>
<status status="PASS" starttime="20241118 19:42:20.853" endtime="20241118 19:42:21.338"/>
</kw>
<kw name="Login Should Succeed">
<kw name="Main Page Should Be Open" library="resource">
<kw name="Title Should Be" library="SeleniumLibrary">
<arg>Ohtu Application main page</arg>
<doc>Verifies that the current page title equals ``title``.</doc>
<msg timestamp="20241118 19:42:21.444" level="INFO">Page title is 'Ohtu Application main page'.</msg>
<status status="PASS" starttime="20241118 19:42:21.340" endtime="20241118 19:42:21.444"/>
</kw>
<status status="PASS" starttime="20241118 19:42:21.339" endtime="20241118 19:42:21.445"/>
</kw>
<status status="PASS" starttime="20241118 19:42:21.339" endtime="20241118 19:42:21.445"/>
</kw>
<status status="PASS" starttime="20241118 19:42:18.094" endtime="20241118 19:42:21.445"/>
</test>
<kw name="Close Browser" library="SeleniumLibrary" type="TEARDOWN">
<doc>Closes the current browser.</doc>
<status status="PASS" starttime="20241118 19:42:21.446" endtime="20241118 19:42:22.376"/>
</kw>
<status status="PASS" starttime="20241118 19:42:15.132" endtime="20241118 19:42:22.376"/>
</suite>
<status status="PASS" starttime="20241118 19:42:15.108" endtime="20241118 19:42:22.379"/>
</suite>
<statistics>
<total>
<stat pass="1" fail="0" skip="0">All Tests</stat>
</total>
<tag>
</tag>
<suite>
<stat pass="1" fail="0" skip="0" id="s1" name="Tests">Tests</stat>
<stat pass="1" fail="0" skip="0" id="s1-s1" name="Register">Tests.Register</stat>
</suite>
</statistics>
<errors>
</errors>
</robot>
